<?xml version="1.0" encoding="UTF-8"?>
<testng-results skipped="0" failed="0" ignored="0" total="4" passed="4">
  <reporter-output>
  </reporter-output>
  <suite name="Suite" duration-ms="24057" started-at="2017-11-05T09:32:48Z" finished-at="2017-11-05T09:33:12Z">
    <groups>
    </groups>
    <test name="ChromeTest" duration-ms="15354" started-at="2017-11-05T09:32:48Z" finished-at="2017-11-05T09:33:03Z">
      <class name="testScript.Test2">
        <test-method status="PASS" signature="launchBrowser(java.lang.String)[pri:0, instance:testScript.Test2@2096442d]" name="launchBrowser" is-config="true" duration-ms="5634" started-at="2017-11-05T15:02:48Z" finished-at="2017-11-05T15:02:53Z">
          <params>
            <param index="0">
              <value>
                <![CDATA[chrome]]>
              </value>
            </param>
          </params>
          <reporter-output>
          </reporter-output>
        </test-method> <!-- launchBrowser -->
        <test-method status="PASS" signature="testSearchSelenium()[pri:0, instance:testScript.Test2@2096442d]" name="testSearchSelenium" duration-ms="2264" started-at="2017-11-05T15:02:53Z" finished-at="2017-11-05T15:02:56Z">
          <reporter-output>
          </reporter-output>
        </test-method> <!-- testSearchSelenium -->
        <test-method status="PASS" signature="closeBrowser()[pri:0, instance:testScript.Test2@2096442d]" name="closeBrowser" is-config="true" duration-ms="822" started-at="2017-11-05T15:02:56Z" finished-at="2017-11-05T15:02:57Z">
          <reporter-output>
          </reporter-output>
        </test-method> <!-- closeBrowser -->
      </class> <!-- testScript.Test2 -->
      <class name="testScript.Test3">
        <test-method status="PASS" signature="launchBrowser(java.lang.String)[pri:0, instance:testScript.Test3@9f70c54]" name="launchBrowser" is-config="true" duration-ms="5001" started-at="2017-11-05T15:02:57Z" finished-at="2017-11-05T15:03:02Z">
          <params>
            <param index="0">
              <value>
                <![CDATA[chrome]]>
              </value>
            </param>
          </params>
          <reporter-output>
          </reporter-output>
        </test-method> <!-- launchBrowser -->
        <test-method status="PASS" signature="testSearchSelenium()[pri:0, instance:testScript.Test3@9f70c54]" name="testSearchSelenium" duration-ms="828" started-at="2017-11-05T15:03:02Z" finished-at="2017-11-05T15:03:02Z">
          <reporter-output>
          </reporter-output>
        </test-method> <!-- testSearchSelenium -->
        <test-method status="PASS" signature="closeBrowser()[pri:0, instance:testScript.Test3@9f70c54]" name="closeBrowser" is-config="true" duration-ms="792" started-at="2017-11-05T15:03:02Z" finished-at="2017-11-05T15:03:03Z">
          <reporter-output>
          </reporter-output>
        </test-method> <!-- closeBrowser -->
      </class> <!-- testScript.Test3 -->
    </test> <!-- ChromeTest -->
    <test name="FirefoxTest" duration-ms="24057" started-at="2017-11-05T09:32:48Z" finished-at="2017-11-05T09:33:12Z">
      <class name="testScript.Test2">
        <test-method status="PASS" signature="launchBrowser(java.lang.String)[pri:0, instance:testScript.Test2@3567135c]" name="launchBrowser" is-config="true" duration-ms="7424" started-at="2017-11-05T15:02:48Z" finished-at="2017-11-05T15:02:55Z">
          <params>
            <param index="0">
              <value>
                <![CDATA[firefox]]>
              </value>
            </param>
          </params>
          <reporter-output>
          </reporter-output>
        </test-method> <!-- launchBrowser -->
        <test-method status="PASS" signature="testSearchSelenium()[pri:0, instance:testScript.Test2@3567135c]" name="testSearchSelenium" duration-ms="2097" started-at="2017-11-05T15:02:55Z" finished-at="2017-11-05T15:02:57Z">
          <reporter-output>
          </reporter-output>
        </test-method> <!-- testSearchSelenium -->
        <test-method status="PASS" signature="closeBrowser()[pri:0, instance:testScript.Test2@3567135c]" name="closeBrowser" is-config="true" duration-ms="1919" started-at="2017-11-05T15:02:57Z" finished-at="2017-11-05T15:02:59Z">
          <reporter-output>
          </reporter-output>
        </test-method> <!-- closeBrowser -->
      </class> <!-- testScript.Test2 -->
      <class name="testScript.Test3">
        <test-method status="PASS" signature="launchBrowser(java.lang.String)[pri:0, instance:testScript.Test3@327471b5]" name="launchBrowser" is-config="true" duration-ms="7083" started-at="2017-11-05T15:02:59Z" finished-at="2017-11-05T15:03:06Z">
          <params>
            <param index="0">
              <value>
                <![CDATA[firefox]]>
              </value>
            </param>
          </params>
          <reporter-output>
          </reporter-output>
        </test-method> <!-- launchBrowser -->
        <test-method status="PASS" signature="testSearchSelenium()[pri:0, instance:testScript.Test3@327471b5]" name="testSearchSelenium" duration-ms="4103" started-at="2017-11-05T15:03:06Z" finished-at="2017-11-05T15:03:10Z">
          <reporter-output>
          </reporter-output>
        </test-method> <!-- testSearchSelenium -->
        <test-method status="PASS" signature="closeBrowser()[pri:0, instance:testScript.Test3@327471b5]" name="closeBrowser" is-config="true" duration-ms="1424" started-at="2017-11-05T15:03:10Z" finished-at="2017-11-05T15:03:12Z">
          <reporter-output>
          </reporter-output>
        </test-method> <!-- closeBrowser -->
      </class> <!-- testScript.Test3 -->
    </test> <!-- FirefoxTest -->
  </suite> <!-- Suite -->
</testng-results>
